<?xml version="1.0" encoding="UTF-8"?>
<robot generator="Robot 4.0.3 (Python 3.9.2 on win32)" generated="20210618 00:40:13.996" rpa="false" schemaversion="2">
<suite id="s1" name="DBTesting" source="C:\Users\Heman\PycharmProjects\RobotPro1\TestCases\DBTesting.robot">
<kw name="Connect To Database" library="DatabaseLibrary" type="SETUP">
<arg>pymysql</arg>
<arg>${DBName}</arg>
<arg>${DBUser}</arg>
<arg>${DBPass}</arg>
<arg>${DBHost}</arg>
<arg>${DBPort}</arg>
<doc>Loads the DB API 2.0 module given `dbapiModuleName` then uses it to
connect to the database using `dbName`, `dbUsername`, and `dbPassword`.</doc>
<msg timestamp="20210618 00:40:14.091" level="INFO">Connecting using : pymysql.connect(db=ibmcomp, user=root, passwd=1234, host=127.0.0.1, port=3306, charset=None) </msg>
<status status="PASS" starttime="20210618 00:40:14.048" endtime="20210618 00:40:14.099"/>
</kw>
<test id="s1-t1" name="Inseting data in Goldclass table">
<kw name="Execute Sql String" library="DatabaseLibrary">
<var>${output}</var>
<arg>insert into GoldClass values(101,"John","Kennady")</arg>
<doc>Executes the sqlString as SQL commands. Useful to pass arguments to your sql. Set optional input `sansTran` to
True to run command without an explicit transaction commit or rollback.</doc>
<msg timestamp="20210618 00:40:14.099" level="INFO">Executing : Execute SQL String  |  insert into GoldClass values(101,"John","Kennady") </msg>
<msg timestamp="20210618 00:40:14.116" level="INFO">${output} = None</msg>
<status status="PASS" starttime="20210618 00:40:14.099" endtime="20210618 00:40:14.116"/>
</kw>
<kw name="Log To Console" library="BuiltIn">
<arg>${output}</arg>
<doc>Logs the given message to the console.</doc>
<status status="PASS" starttime="20210618 00:40:14.116" endtime="20210618 00:40:14.116"/>
</kw>
<kw name="Should Be Equal As Strings" library="BuiltIn">
<arg>${output}</arg>
<arg>None</arg>
<doc>Fails if objects are unequal after converting them to strings.</doc>
<msg timestamp="20210618 00:40:14.116" level="INFO">Argument types are:
&lt;class 'NoneType'&gt;
&lt;type 'unicode'&gt;</msg>
<status status="PASS" starttime="20210618 00:40:14.116" endtime="20210618 00:40:14.116"/>
</kw>
<status status="PASS" starttime="20210618 00:40:14.099" endtime="20210618 00:40:14.116"/>
</test>
<kw name="Disconnect From Database" library="DatabaseLibrary" type="TEARDOWN">
<doc>Disconnects from the database.</doc>
<msg timestamp="20210618 00:40:14.116" level="INFO">Executing : Disconnect From Database</msg>
<status status="PASS" starttime="20210618 00:40:14.116" endtime="20210618 00:40:14.116"/>
</kw>
<status status="PASS" starttime="20210618 00:40:14.007" endtime="20210618 00:40:14.116"/>
</suite>
<statistics>
<total>
<stat pass="1" fail="0" skip="0">All Tests</stat>
</total>
<tag>
</tag>
<suite>
<stat pass="1" fail="0" skip="0" id="s1" name="DBTesting">DBTesting</stat>
</suite>
</statistics>
<errors>
</errors>
</robot>
